2024-07-24 01:51:25 [restartedMain] WARN  o.s.b.a.o.j.JpaBaseConfiguration$JpaWebConfiguration - spring.jpa.open-in-view is enabled by default. Therefore, database queries may be performed during view rendering. Explicitly configure spring.jpa.open-in-view to disable this warning
2024-07-24 01:51:25 [restartedMain] INFO  o.s.s.c.a.a.c.InitializeUserDetailsBeanManagerConfigurer$InitializeUserDetailsManagerConfigurer - Global AuthenticationManager configured with UserDetailsService bean with name userDetailsService
2024-07-24 01:51:25 [restartedMain] DEBUG o.s.s.web.DefaultSecurityFilterChain - Will secure any request with filters: DisableEncodeUrlFilter, WebAsyncManagerIntegrationFilter, SecurityContextHolderFilter, HeaderWriterFilter, CorsFilter, CsrfFilter, LogoutFilter, UsernamePasswordAuthenticationFilter, RequestCacheAwareFilter, SecurityContextHolderAwareRequestFilter, AnonymousAuthenticationFilter, ExceptionTranslationFilter, AuthorizationFilter
2024-07-24 01:51:47 [SpringApplicationShutdownHook] WARN  o.s.b.f.s.DisposableBeanAdapter - Invocation of destroy method failed on bean with name 'inMemoryDatabaseShutdownExecutor': org.h2.jdbc.JdbcSQLNonTransientConnectionException: Database is already closed (to disable automatic closing at VM shutdown, add ";DB_CLOSE_ON_EXIT=FALSE" to the db URL) [90121-224]
2024-07-24 01:52:38 [restartedMain] WARN  o.s.b.a.o.j.JpaBaseConfiguration$JpaWebConfiguration - spring.jpa.open-in-view is enabled by default. Therefore, database queries may be performed during view rendering. Explicitly configure spring.jpa.open-in-view to disable this warning
2024-07-24 01:52:38 [restartedMain] INFO  o.s.s.c.a.a.c.InitializeUserDetailsBeanManagerConfigurer$InitializeUserDetailsManagerConfigurer - Global AuthenticationManager configured with UserDetailsService bean with name userDetailsService
2024-07-24 01:52:38 [restartedMain] DEBUG o.s.s.web.DefaultSecurityFilterChain - Will secure any request with filters: DisableEncodeUrlFilter, WebAsyncManagerIntegrationFilter, SecurityContextHolderFilter, HeaderWriterFilter, CorsFilter, CsrfFilter, LogoutFilter, UsernamePasswordAuthenticationFilter, RequestCacheAwareFilter, SecurityContextHolderAwareRequestFilter, AnonymousAuthenticationFilter, ExceptionTranslationFilter, AuthorizationFilter
2024-07-24 01:52:46 [http-nio-8080-exec-1] DEBUG o.s.security.web.FilterChainProxy - Securing GET /
2024-07-24 01:52:46 [http-nio-8080-exec-1] DEBUG o.s.security.web.FilterChainProxy - Secured GET /
2024-07-24 01:52:46 [http-nio-8080-exec-1] DEBUG o.s.s.w.c.HttpSessionSecurityContextRepository - Retrieved SecurityContextImpl [Authentication=UsernamePasswordAuthenticationToken [Principal=User(id=1, username=Username, password=$2a$10$tvzL4z6dyxJErlggEKtgr.yccgxNV9/N2IZCHq8NdQdD6NnOheDSK, fullname=Galina Sokolova, street=Rua Ary dos Santos 489, city=Cascais, state=Username, zip=2775-337, phoneNumber=965327346), Credentials=[PROTECTED], Authenticated=true, Details=WebAuthenticationDetails [RemoteIpAddress=0:0:0:0:0:0:0:1, SessionId=6AA8B331153C3B3954B6FFA7AEAF1295], Granted Authorities=[ROLE_USER]]]
2024-07-24 01:52:46 [http-nio-8080-exec-2] DEBUG o.s.security.web.FilterChainProxy - Securing GET /css/styles.css
2024-07-24 01:52:46 [http-nio-8080-exec-3] DEBUG o.s.security.web.FilterChainProxy - Securing GET /images/taco.png
2024-07-24 01:52:46 [http-nio-8080-exec-3] DEBUG o.s.security.web.FilterChainProxy - Secured GET /images/taco.png
2024-07-24 01:52:46 [http-nio-8080-exec-2] DEBUG o.s.security.web.FilterChainProxy - Secured GET /css/styles.css
2024-07-24 01:52:46 [http-nio-8080-exec-2] DEBUG o.s.s.w.c.HttpSessionSecurityContextRepository - Retrieved SecurityContextImpl [Authentication=UsernamePasswordAuthenticationToken [Principal=User(id=1, username=Username, password=$2a$10$tvzL4z6dyxJErlggEKtgr.yccgxNV9/N2IZCHq8NdQdD6NnOheDSK, fullname=Galina Sokolova, street=Rua Ary dos Santos 489, city=Cascais, state=Username, zip=2775-337, phoneNumber=965327346), Credentials=[PROTECTED], Authenticated=true, Details=WebAuthenticationDetails [RemoteIpAddress=0:0:0:0:0:0:0:1, SessionId=6AA8B331153C3B3954B6FFA7AEAF1295], Granted Authorities=[ROLE_USER]]]
2024-07-24 01:52:46 [http-nio-8080-exec-3] DEBUG o.s.s.w.c.HttpSessionSecurityContextRepository - Retrieved SecurityContextImpl [Authentication=UsernamePasswordAuthenticationToken [Principal=User(id=1, username=Username, password=$2a$10$tvzL4z6dyxJErlggEKtgr.yccgxNV9/N2IZCHq8NdQdD6NnOheDSK, fullname=Galina Sokolova, street=Rua Ary dos Santos 489, city=Cascais, state=Username, zip=2775-337, phoneNumber=965327346), Credentials=[PROTECTED], Authenticated=true, Details=WebAuthenticationDetails [RemoteIpAddress=0:0:0:0:0:0:0:1, SessionId=6AA8B331153C3B3954B6FFA7AEAF1295], Granted Authorities=[ROLE_USER]]]
2024-07-24 01:52:49 [http-nio-8080-exec-4] DEBUG o.s.security.web.FilterChainProxy - Securing GET /design
2024-07-24 01:52:49 [http-nio-8080-exec-4] DEBUG o.s.s.w.c.HttpSessionSecurityContextRepository - Retrieved SecurityContextImpl [Authentication=UsernamePasswordAuthenticationToken [Principal=User(id=1, username=Username, password=$2a$10$tvzL4z6dyxJErlggEKtgr.yccgxNV9/N2IZCHq8NdQdD6NnOheDSK, fullname=Galina Sokolova, street=Rua Ary dos Santos 489, city=Cascais, state=Username, zip=2775-337, phoneNumber=965327346), Credentials=[PROTECTED], Authenticated=true, Details=WebAuthenticationDetails [RemoteIpAddress=0:0:0:0:0:0:0:1, SessionId=6AA8B331153C3B3954B6FFA7AEAF1295], Granted Authorities=[ROLE_USER]]]
2024-07-24 01:52:49 [http-nio-8080-exec-4] DEBUG o.s.security.web.FilterChainProxy - Secured GET /design
2024-07-24 01:52:50 [http-nio-8080-exec-6] DEBUG o.s.security.web.FilterChainProxy - Securing GET /images/TacoCloud.png
2024-07-24 01:52:50 [http-nio-8080-exec-5] DEBUG o.s.security.web.FilterChainProxy - Securing GET /css/styles.css
2024-07-24 01:52:50 [http-nio-8080-exec-5] DEBUG o.s.security.web.FilterChainProxy - Secured GET /css/styles.css
2024-07-24 01:52:50 [http-nio-8080-exec-6] DEBUG o.s.security.web.FilterChainProxy - Secured GET /images/TacoCloud.png
2024-07-24 01:52:50 [http-nio-8080-exec-5] DEBUG o.s.s.w.c.HttpSessionSecurityContextRepository - Retrieved SecurityContextImpl [Authentication=UsernamePasswordAuthenticationToken [Principal=User(id=1, username=Username, password=$2a$10$tvzL4z6dyxJErlggEKtgr.yccgxNV9/N2IZCHq8NdQdD6NnOheDSK, fullname=Galina Sokolova, street=Rua Ary dos Santos 489, city=Cascais, state=Username, zip=2775-337, phoneNumber=965327346), Credentials=[PROTECTED], Authenticated=true, Details=WebAuthenticationDetails [RemoteIpAddress=0:0:0:0:0:0:0:1, SessionId=6AA8B331153C3B3954B6FFA7AEAF1295], Granted Authorities=[ROLE_USER]]]
2024-07-24 01:52:50 [http-nio-8080-exec-6] DEBUG o.s.s.w.c.HttpSessionSecurityContextRepository - Retrieved SecurityContextImpl [Authentication=UsernamePasswordAuthenticationToken [Principal=User(id=1, username=Username, password=$2a$10$tvzL4z6dyxJErlggEKtgr.yccgxNV9/N2IZCHq8NdQdD6NnOheDSK, fullname=Galina Sokolova, street=Rua Ary dos Santos 489, city=Cascais, state=Username, zip=2775-337, phoneNumber=965327346), Credentials=[PROTECTED], Authenticated=true, Details=WebAuthenticationDetails [RemoteIpAddress=0:0:0:0:0:0:0:1, SessionId=6AA8B331153C3B3954B6FFA7AEAF1295], Granted Authorities=[ROLE_USER]]]
2024-07-24 01:52:52 [http-nio-8080-exec-9] DEBUG o.s.security.web.FilterChainProxy - Securing GET /
2024-07-24 01:52:52 [http-nio-8080-exec-9] DEBUG o.s.security.web.FilterChainProxy - Secured GET /
2024-07-24 01:52:52 [http-nio-8080-exec-9] DEBUG o.s.s.w.c.HttpSessionSecurityContextRepository - Retrieved SecurityContextImpl [Authentication=UsernamePasswordAuthenticationToken [Principal=User(id=1, username=Username, password=$2a$10$tvzL4z6dyxJErlggEKtgr.yccgxNV9/N2IZCHq8NdQdD6NnOheDSK, fullname=Galina Sokolova, street=Rua Ary dos Santos 489, city=Cascais, state=Username, zip=2775-337, phoneNumber=965327346), Credentials=[PROTECTED], Authenticated=true, Details=WebAuthenticationDetails [RemoteIpAddress=0:0:0:0:0:0:0:1, SessionId=6AA8B331153C3B3954B6FFA7AEAF1295], Granted Authorities=[ROLE_USER]]]
2024-07-24 01:52:52 [http-nio-8080-exec-7] DEBUG o.s.security.web.FilterChainProxy - Securing GET /css/styles.css
2024-07-24 01:52:52 [http-nio-8080-exec-7] DEBUG o.s.security.web.FilterChainProxy - Secured GET /css/styles.css
2024-07-24 01:52:52 [http-nio-8080-exec-7] DEBUG o.s.s.w.c.HttpSessionSecurityContextRepository - Retrieved SecurityContextImpl [Authentication=UsernamePasswordAuthenticationToken [Principal=User(id=1, username=Username, password=$2a$10$tvzL4z6dyxJErlggEKtgr.yccgxNV9/N2IZCHq8NdQdD6NnOheDSK, fullname=Galina Sokolova, street=Rua Ary dos Santos 489, city=Cascais, state=Username, zip=2775-337, phoneNumber=965327346), Credentials=[PROTECTED], Authenticated=true, Details=WebAuthenticationDetails [RemoteIpAddress=0:0:0:0:0:0:0:1, SessionId=6AA8B331153C3B3954B6FFA7AEAF1295], Granted Authorities=[ROLE_USER]]]
2024-07-24 01:52:54 [http-nio-8080-exec-8] DEBUG o.s.security.web.FilterChainProxy - Securing POST /logout
2024-07-24 01:52:54 [http-nio-8080-exec-8] DEBUG o.s.s.w.c.HttpSessionSecurityContextRepository - Retrieved SecurityContextImpl [Authentication=UsernamePasswordAuthenticationToken [Principal=User(id=1, username=Username, password=$2a$10$tvzL4z6dyxJErlggEKtgr.yccgxNV9/N2IZCHq8NdQdD6NnOheDSK, fullname=Galina Sokolova, street=Rua Ary dos Santos 489, city=Cascais, state=Username, zip=2775-337, phoneNumber=965327346), Credentials=[PROTECTED], Authenticated=true, Details=WebAuthenticationDetails [RemoteIpAddress=0:0:0:0:0:0:0:1, SessionId=6AA8B331153C3B3954B6FFA7AEAF1295], Granted Authorities=[ROLE_USER]]]
2024-07-24 01:52:54 [http-nio-8080-exec-8] DEBUG o.s.s.w.a.logout.LogoutFilter - Logging out [UsernamePasswordAuthenticationToken [Principal=User(id=1, username=Username, password=$2a$10$tvzL4z6dyxJErlggEKtgr.yccgxNV9/N2IZCHq8NdQdD6NnOheDSK, fullname=Galina Sokolova, street=Rua Ary dos Santos 489, city=Cascais, state=Username, zip=2775-337, phoneNumber=965327346), Credentials=[PROTECTED], Authenticated=true, Details=WebAuthenticationDetails [RemoteIpAddress=0:0:0:0:0:0:0:1, SessionId=6AA8B331153C3B3954B6FFA7AEAF1295], Granted Authorities=[ROLE_USER]]]
2024-07-24 01:52:54 [http-nio-8080-exec-8] DEBUG o.s.s.w.a.l.SecurityContextLogoutHandler - Invalidated session 5483E0F7240B172949C67F60B9889925
2024-07-24 01:52:54 [http-nio-8080-exec-8] DEBUG o.s.s.web.DefaultRedirectStrategy - Redirecting to /
2024-07-24 01:52:54 [http-nio-8080-exec-10] DEBUG o.s.security.web.FilterChainProxy - Securing GET /
2024-07-24 01:52:54 [http-nio-8080-exec-10] DEBUG o.s.security.web.FilterChainProxy - Secured GET /
2024-07-24 01:52:54 [http-nio-8080-exec-10] DEBUG o.s.s.w.a.AnonymousAuthenticationFilter - Set SecurityContextHolder to anonymous SecurityContext
2024-07-24 01:52:54 [http-nio-8080-exec-2] DEBUG o.s.security.web.FilterChainProxy - Securing GET /images/taco.png
2024-07-24 01:52:54 [http-nio-8080-exec-1] DEBUG o.s.security.web.FilterChainProxy - Securing GET /css/styles.css
2024-07-24 01:52:54 [http-nio-8080-exec-1] DEBUG o.s.security.web.FilterChainProxy - Secured GET /css/styles.css
2024-07-24 01:52:54 [http-nio-8080-exec-2] DEBUG o.s.security.web.FilterChainProxy - Secured GET /images/taco.png
2024-07-24 01:52:54 [http-nio-8080-exec-1] DEBUG o.s.s.w.a.AnonymousAuthenticationFilter - Set SecurityContextHolder to anonymous SecurityContext
2024-07-24 01:52:54 [http-nio-8080-exec-2] DEBUG o.s.s.w.a.AnonymousAuthenticationFilter - Set SecurityContextHolder to anonymous SecurityContext
2024-07-24 01:52:55 [http-nio-8080-exec-3] DEBUG o.s.security.web.FilterChainProxy - Securing GET /design
2024-07-24 01:52:55 [http-nio-8080-exec-3] DEBUG o.s.s.w.a.AnonymousAuthenticationFilter - Set SecurityContextHolder to anonymous SecurityContext
2024-07-24 01:52:55 [http-nio-8080-exec-3] DEBUG o.s.s.w.s.HttpSessionRequestCache - Saved request http://localhost:8080/design?continue to session
2024-07-24 01:52:55 [http-nio-8080-exec-3] DEBUG o.s.s.web.DefaultRedirectStrategy - Redirecting to http://localhost:8080/login
2024-07-24 01:52:55 [http-nio-8080-exec-4] DEBUG o.s.security.web.FilterChainProxy - Securing GET /login
2024-07-24 01:52:55 [http-nio-8080-exec-4] DEBUG o.s.security.web.FilterChainProxy - Secured GET /login
2024-07-24 01:52:55 [http-nio-8080-exec-4] DEBUG o.s.s.w.a.AnonymousAuthenticationFilter - Set SecurityContextHolder to anonymous SecurityContext
2024-07-24 01:52:55 [http-nio-8080-exec-5] DEBUG o.s.security.web.FilterChainProxy - Securing GET /css/styles.css
2024-07-24 01:52:55 [http-nio-8080-exec-6] DEBUG o.s.security.web.FilterChainProxy - Securing GET /images/TacoCloud.png
2024-07-24 01:52:55 [http-nio-8080-exec-6] DEBUG o.s.security.web.FilterChainProxy - Secured GET /images/TacoCloud.png
2024-07-24 01:52:55 [http-nio-8080-exec-5] DEBUG o.s.security.web.FilterChainProxy - Secured GET /css/styles.css
2024-07-24 01:52:55 [http-nio-8080-exec-5] DEBUG o.s.s.w.a.AnonymousAuthenticationFilter - Set SecurityContextHolder to anonymous SecurityContext
2024-07-24 01:52:55 [http-nio-8080-exec-6] DEBUG o.s.s.w.a.AnonymousAuthenticationFilter - Set SecurityContextHolder to anonymous SecurityContext
2024-07-24 01:52:57 [http-nio-8080-exec-9] DEBUG o.s.security.web.FilterChainProxy - Securing GET /register
2024-07-24 01:52:57 [http-nio-8080-exec-9] DEBUG o.s.security.web.FilterChainProxy - Secured GET /register
2024-07-24 01:52:57 [http-nio-8080-exec-9] DEBUG o.s.s.w.a.AnonymousAuthenticationFilter - Set SecurityContextHolder to anonymous SecurityContext
2024-07-24 01:52:57 [http-nio-8080-exec-8] DEBUG o.s.security.web.FilterChainProxy - Securing GET /images/taco.png
2024-07-24 01:52:57 [http-nio-8080-exec-7] DEBUG o.s.security.web.FilterChainProxy - Securing GET /css/styles.css
2024-07-24 01:52:57 [http-nio-8080-exec-7] DEBUG o.s.security.web.FilterChainProxy - Secured GET /css/styles.css
2024-07-24 01:52:57 [http-nio-8080-exec-8] DEBUG o.s.security.web.FilterChainProxy - Secured GET /images/taco.png
2024-07-24 01:52:57 [http-nio-8080-exec-7] DEBUG o.s.s.w.a.AnonymousAuthenticationFilter - Set SecurityContextHolder to anonymous SecurityContext
2024-07-24 01:52:57 [http-nio-8080-exec-8] DEBUG o.s.s.w.a.AnonymousAuthenticationFilter - Set SecurityContextHolder to anonymous SecurityContext
2024-07-24 01:53:09 [http-nio-8080-exec-10] DEBUG o.s.security.web.FilterChainProxy - Securing POST /register
2024-07-24 01:53:09 [http-nio-8080-exec-10] DEBUG o.s.security.web.FilterChainProxy - Secured POST /register
2024-07-24 01:53:09 [http-nio-8080-exec-10] DEBUG o.s.s.w.a.AnonymousAuthenticationFilter - Set SecurityContextHolder to anonymous SecurityContext
2024-07-24 01:53:09 [http-nio-8080-exec-1] DEBUG o.s.security.web.FilterChainProxy - Securing GET /login
2024-07-24 01:53:09 [http-nio-8080-exec-1] DEBUG o.s.security.web.FilterChainProxy - Secured GET /login
2024-07-24 01:53:09 [http-nio-8080-exec-1] DEBUG o.s.s.w.a.AnonymousAuthenticationFilter - Set SecurityContextHolder to anonymous SecurityContext
2024-07-24 01:53:09 [http-nio-8080-exec-2] DEBUG o.s.security.web.FilterChainProxy - Securing GET /css/styles.css
2024-07-24 01:53:09 [http-nio-8080-exec-3] DEBUG o.s.security.web.FilterChainProxy - Securing GET /images/TacoCloud.png
2024-07-24 01:53:09 [http-nio-8080-exec-3] DEBUG o.s.security.web.FilterChainProxy - Secured GET /images/TacoCloud.png
2024-07-24 01:53:09 [http-nio-8080-exec-2] DEBUG o.s.security.web.FilterChainProxy - Secured GET /css/styles.css
2024-07-24 01:53:09 [http-nio-8080-exec-2] DEBUG o.s.s.w.a.AnonymousAuthenticationFilter - Set SecurityContextHolder to anonymous SecurityContext
2024-07-24 01:53:09 [http-nio-8080-exec-3] DEBUG o.s.s.w.a.AnonymousAuthenticationFilter - Set SecurityContextHolder to anonymous SecurityContext
2024-07-24 01:53:13 [http-nio-8080-exec-4] DEBUG o.s.security.web.FilterChainProxy - Securing POST /login
2024-07-24 01:53:13 [http-nio-8080-exec-4] DEBUG o.s.s.a.d.DaoAuthenticationProvider - Authenticated user
2024-07-24 01:53:13 [http-nio-8080-exec-4] DEBUG o.s.s.w.a.s.ChangeSessionIdAuthenticationStrategy - Changed session id from 6462AB521ACC2D3F965A4C6C1BF0FAB8
2024-07-24 01:53:13 [http-nio-8080-exec-4] DEBUG o.s.s.w.c.CsrfAuthenticationStrategy - Replaced CSRF Token
2024-07-24 01:53:13 [http-nio-8080-exec-4] DEBUG o.s.s.w.c.HttpSessionSecurityContextRepository - Stored SecurityContextImpl [Authentication=UsernamePasswordAuthenticationToken [Principal=User(id=1, username=Username, password=$2a$10$qEBhNwaKTqb.PRpSGAU18ONV.h4RyURT7zsQNlr4KuP2UKtKE6UX6, fullname=Galina Sokolova, street=Rua Ary dos Santos 489, city=Cascais, state=Username, zip=2775-337, phoneNumber=965327346), Credentials=[PROTECTED], Authenticated=true, Details=WebAuthenticationDetails [RemoteIpAddress=0:0:0:0:0:0:0:1, SessionId=6462AB521ACC2D3F965A4C6C1BF0FAB8], Granted Authorities=[ROLE_USER]]] to HttpSession [org.apache.catalina.session.StandardSessionFacade@7732fb14]
2024-07-24 01:53:13 [http-nio-8080-exec-4] DEBUG o.s.s.w.a.UsernamePasswordAuthenticationFilter - Set SecurityContextHolder to UsernamePasswordAuthenticationToken [Principal=User(id=1, username=Username, password=$2a$10$qEBhNwaKTqb.PRpSGAU18ONV.h4RyURT7zsQNlr4KuP2UKtKE6UX6, fullname=Galina Sokolova, street=Rua Ary dos Santos 489, city=Cascais, state=Username, zip=2775-337, phoneNumber=965327346), Credentials=[PROTECTED], Authenticated=true, Details=WebAuthenticationDetails [RemoteIpAddress=0:0:0:0:0:0:0:1, SessionId=6462AB521ACC2D3F965A4C6C1BF0FAB8], Granted Authorities=[ROLE_USER]]
2024-07-24 01:53:13 [http-nio-8080-exec-4] DEBUG o.s.s.web.DefaultRedirectStrategy - Redirecting to http://localhost:8080/design?continue
2024-07-24 01:53:13 [http-nio-8080-exec-5] DEBUG o.s.security.web.FilterChainProxy - Securing GET /design?continue
2024-07-24 01:53:13 [http-nio-8080-exec-5] DEBUG o.s.s.w.s.HttpSessionRequestCache - Loaded matching saved request http://localhost:8080/design?continue
2024-07-24 01:53:13 [http-nio-8080-exec-5] DEBUG o.s.s.w.c.HttpSessionSecurityContextRepository - Retrieved SecurityContextImpl [Authentication=UsernamePasswordAuthenticationToken [Principal=User(id=1, username=Username, password=$2a$10$qEBhNwaKTqb.PRpSGAU18ONV.h4RyURT7zsQNlr4KuP2UKtKE6UX6, fullname=Galina Sokolova, street=Rua Ary dos Santos 489, city=Cascais, state=Username, zip=2775-337, phoneNumber=965327346), Credentials=[PROTECTED], Authenticated=true, Details=WebAuthenticationDetails [RemoteIpAddress=0:0:0:0:0:0:0:1, SessionId=6462AB521ACC2D3F965A4C6C1BF0FAB8], Granted Authorities=[ROLE_USER]]]
2024-07-24 01:53:13 [http-nio-8080-exec-5] DEBUG o.s.security.web.FilterChainProxy - Secured GET /design?continue
2024-07-24 01:53:13 [http-nio-8080-exec-6] DEBUG o.s.security.web.FilterChainProxy - Securing GET /css/styles.css
2024-07-24 01:53:13 [http-nio-8080-exec-9] DEBUG o.s.security.web.FilterChainProxy - Securing GET /images/TacoCloud.png
2024-07-24 01:53:13 [http-nio-8080-exec-6] DEBUG o.s.security.web.FilterChainProxy - Secured GET /css/styles.css
2024-07-24 01:53:13 [http-nio-8080-exec-9] DEBUG o.s.security.web.FilterChainProxy - Secured GET /images/TacoCloud.png
2024-07-24 01:53:13 [http-nio-8080-exec-6] DEBUG o.s.s.w.c.HttpSessionSecurityContextRepository - Retrieved SecurityContextImpl [Authentication=UsernamePasswordAuthenticationToken [Principal=User(id=1, username=Username, password=$2a$10$qEBhNwaKTqb.PRpSGAU18ONV.h4RyURT7zsQNlr4KuP2UKtKE6UX6, fullname=Galina Sokolova, street=Rua Ary dos Santos 489, city=Cascais, state=Username, zip=2775-337, phoneNumber=965327346), Credentials=[PROTECTED], Authenticated=true, Details=WebAuthenticationDetails [RemoteIpAddress=0:0:0:0:0:0:0:1, SessionId=6462AB521ACC2D3F965A4C6C1BF0FAB8], Granted Authorities=[ROLE_USER]]]
2024-07-24 01:53:13 [http-nio-8080-exec-9] DEBUG o.s.s.w.c.HttpSessionSecurityContextRepository - Retrieved SecurityContextImpl [Authentication=UsernamePasswordAuthenticationToken [Principal=User(id=1, username=Username, password=$2a$10$qEBhNwaKTqb.PRpSGAU18ONV.h4RyURT7zsQNlr4KuP2UKtKE6UX6, fullname=Galina Sokolova, street=Rua Ary dos Santos 489, city=Cascais, state=Username, zip=2775-337, phoneNumber=965327346), Credentials=[PROTECTED], Authenticated=true, Details=WebAuthenticationDetails [RemoteIpAddress=0:0:0:0:0:0:0:1, SessionId=6462AB521ACC2D3F965A4C6C1BF0FAB8], Granted Authorities=[ROLE_USER]]]
2024-07-24 01:54:16 [SpringApplicationShutdownHook] WARN  o.s.b.f.s.DisposableBeanAdapter - Invocation of destroy method failed on bean with name 'inMemoryDatabaseShutdownExecutor': org.h2.jdbc.JdbcSQLNonTransientConnectionException: Database is already closed (to disable automatic closing at VM shutdown, add ";DB_CLOSE_ON_EXIT=FALSE" to the db URL) [90121-224]
