2024-07-24 10:25:21 [background-preinit] INFO  o.h.validator.internal.util.Version - HV000001: Hibernate Validator 8.0.1.Final
2024-07-24 10:25:21 [restartedMain] INFO  p.g.Chap6ConfigProfileApplication - Starting Chap6ConfigProfileApplication using Java 17.0.12 with PID 15916 (C:\Users\soglg\IdeaProjects\spring-in-action-demo\chap_6_config_profile\target\classes started by Galina in C:\Users\soglg\IdeaProjects\spring-in-action-demo)
2024-07-24 10:25:21 [restartedMain] INFO  p.g.Chap6ConfigProfileApplication - The following 1 profile is active: "dev"
2024-07-24 10:25:21 [restartedMain] INFO  o.s.b.d.e.DevToolsPropertyDefaultsPostProcessor - Devtools property defaults active! Set 'spring.devtools.add-properties' to 'false' to disable
2024-07-24 10:25:21 [restartedMain] INFO  o.s.b.d.e.DevToolsPropertyDefaultsPostProcessor - For additional web related logging consider setting the 'logging.level.web' property to 'DEBUG'
2024-07-24 10:25:22 [restartedMain] INFO  o.s.d.r.c.RepositoryConfigurationDelegate - Bootstrapping Spring Data JPA repositories in DEFAULT mode.
2024-07-24 10:25:22 [restartedMain] INFO  o.s.d.r.c.RepositoryConfigurationDelegate - Finished Spring Data repository scanning in 61 ms. Found 3 JPA repository interfaces.
2024-07-24 10:25:23 [restartedMain] INFO  o.s.b.w.e.tomcat.TomcatWebServer - Tomcat initialized with port 8080 (http)
2024-07-24 10:25:23 [restartedMain] INFO  o.a.coyote.http11.Http11NioProtocol - Initializing ProtocolHandler ["http-nio-8080"]
2024-07-24 10:25:23 [restartedMain] INFO  o.a.catalina.core.StandardService - Starting service [Tomcat]
2024-07-24 10:25:23 [restartedMain] INFO  o.a.catalina.core.StandardEngine - Starting Servlet engine: [Apache Tomcat/10.1.19]
2024-07-24 10:25:23 [restartedMain] INFO  o.a.c.c.C.[Tomcat].[localhost].[/] - Initializing Spring embedded WebApplicationContext
2024-07-24 10:25:23 [restartedMain] INFO  o.s.b.w.s.c.ServletWebServerApplicationContext - Root WebApplicationContext: initialization completed in 2176 ms
2024-07-24 10:25:23 [restartedMain] INFO  com.zaxxer.hikari.HikariDataSource - tacoclouddev - Starting...
2024-07-24 10:25:23 [restartedMain] INFO  com.zaxxer.hikari.pool.HikariPool - tacoclouddev - Added connection conn0: url=jdbc:h2:mem:testdb user=SA
2024-07-24 10:25:23 [restartedMain] INFO  com.zaxxer.hikari.HikariDataSource - tacoclouddev - Start completed.
2024-07-24 10:25:23 [restartedMain] INFO  o.s.b.a.h.H2ConsoleAutoConfiguration - H2 console available at '/h2-console'. Database available at 'jdbc:h2:mem:testdb'
2024-07-24 10:25:24 [restartedMain] INFO  o.h.jpa.internal.util.LogHelper - HHH000204: Processing PersistenceUnitInfo [name: default]
2024-07-24 10:25:24 [restartedMain] INFO  org.hibernate.Version - HHH000412: Hibernate ORM core version 6.4.4.Final
2024-07-24 10:25:24 [restartedMain] INFO  o.h.c.i.RegionFactoryInitiator - HHH000026: Second-level cache disabled
2024-07-24 10:25:24 [restartedMain] INFO  o.s.o.j.p.SpringPersistenceUnitInfo - No LoadTimeWeaver setup: ignoring JPA class transformer
2024-07-24 10:25:25 [restartedMain] INFO  o.h.e.t.j.p.i.JtaPlatformInitiator - HHH000489: No JTA platform available (set 'hibernate.transaction.jta.platform' to enable JTA platform integration)
2024-07-24 10:25:25 [restartedMain] INFO  o.s.o.j.LocalContainerEntityManagerFactoryBean - Initialized JPA EntityManagerFactory for persistence unit 'default'
2024-07-24 10:25:26 [restartedMain] WARN  o.s.b.a.o.j.JpaBaseConfiguration$JpaWebConfiguration - spring.jpa.open-in-view is enabled by default. Therefore, database queries may be performed during view rendering. Explicitly configure spring.jpa.open-in-view to disable this warning
2024-07-24 10:25:26 [restartedMain] INFO  o.s.b.a.e.web.EndpointLinksResolver - Exposing 1 endpoint(s) beneath base path '/actuator'
2024-07-24 10:25:27 [restartedMain] INFO  o.s.b.d.a.OptionalLiveReloadServer - LiveReload server is running on port 35729
2024-07-24 10:25:27 [restartedMain] INFO  o.a.coyote.http11.Http11NioProtocol - Starting ProtocolHandler ["http-nio-8080"]
2024-07-24 10:25:27 [restartedMain] INFO  o.s.b.w.e.tomcat.TomcatWebServer - Tomcat started on port 8080 (http) with context path ''
2024-07-24 10:25:27 [restartedMain] INFO  p.g.Chap6ConfigProfileApplication - Started Chap6ConfigProfileApplication in 6.666 seconds (process running for 7.324)
2024-07-24 10:25:27 [http-nio-8080-exec-1] INFO  o.a.c.c.C.[Tomcat].[localhost].[/] - Initializing Spring DispatcherServlet 'dispatcherServlet'
2024-07-24 10:25:27 [http-nio-8080-exec-1] INFO  o.s.web.servlet.DispatcherServlet - Initializing Servlet 'dispatcherServlet'
2024-07-24 10:25:27 [http-nio-8080-exec-1] INFO  o.s.web.servlet.DispatcherServlet - Completed initialization in 0 ms
2024-07-24 10:25:29 [http-nio-8080-exec-4] WARN  o.a.c.util.SessionIdGeneratorBase - Creation of SecureRandom instance for session ID generation using [SHA1PRNG] took [102] milliseconds.
2024-07-24 10:25:48 [SpringApplicationShutdownHook] INFO  o.s.o.j.LocalContainerEntityManagerFactoryBean - Closing JPA EntityManagerFactory for persistence unit 'default'
2024-07-24 10:25:48 [SpringApplicationShutdownHook] WARN  o.s.b.f.s.DisposableBeanAdapter - Invocation of destroy method failed on bean with name 'inMemoryDatabaseShutdownExecutor': org.h2.jdbc.JdbcSQLNonTransientConnectionException: Database is already closed (to disable automatic closing at VM shutdown, add ";DB_CLOSE_ON_EXIT=FALSE" to the db URL) [90121-224]
2024-07-24 10:25:48 [SpringApplicationShutdownHook] INFO  com.zaxxer.hikari.HikariDataSource - tacoclouddev - Shutdown initiated...
2024-07-24 10:25:48 [SpringApplicationShutdownHook] INFO  com.zaxxer.hikari.HikariDataSource - tacoclouddev - Shutdown completed.
2024-07-24 10:43:40 [background-preinit] INFO  o.h.validator.internal.util.Version - HV000001: Hibernate Validator 8.0.1.Final
2024-07-24 10:43:40 [restartedMain] INFO  p.g.c.Chap6ProfileConfigApplication - Starting Chap6ProfileConfigApplication using Java 17.0.12 with PID 4928 (C:\Users\soglg\IdeaProjects\spring-in-action-demo\chap6-profile-config\target\classes started by Galina in C:\Users\soglg\IdeaProjects\spring-in-action-demo)
2024-07-24 10:43:40 [restartedMain] INFO  p.g.c.Chap6ProfileConfigApplication - The following 1 profile is active: "dev"
2024-07-24 10:43:40 [restartedMain] INFO  o.s.b.d.e.DevToolsPropertyDefaultsPostProcessor - Devtools property defaults active! Set 'spring.devtools.add-properties' to 'false' to disable
2024-07-24 10:43:40 [restartedMain] INFO  o.s.b.d.e.DevToolsPropertyDefaultsPostProcessor - For additional web related logging consider setting the 'logging.level.web' property to 'DEBUG'
2024-07-24 10:43:41 [restartedMain] INFO  o.s.d.r.c.RepositoryConfigurationDelegate - Bootstrapping Spring Data JPA repositories in DEFAULT mode.
2024-07-24 10:43:41 [restartedMain] INFO  o.s.d.r.c.RepositoryConfigurationDelegate - Finished Spring Data repository scanning in 65 ms. Found 3 JPA repository interfaces.
2024-07-24 10:43:42 [restartedMain] INFO  o.s.b.w.e.tomcat.TomcatWebServer - Tomcat initialized with port 8080 (http)
2024-07-24 10:43:42 [restartedMain] INFO  o.a.coyote.http11.Http11NioProtocol - Initializing ProtocolHandler ["http-nio-8080"]
2024-07-24 10:43:42 [restartedMain] INFO  o.a.catalina.core.StandardService - Starting service [Tomcat]
2024-07-24 10:43:42 [restartedMain] INFO  o.a.catalina.core.StandardEngine - Starting Servlet engine: [Apache Tomcat/10.1.26]
2024-07-24 10:43:42 [restartedMain] INFO  o.a.c.c.C.[Tomcat].[localhost].[/] - Initializing Spring embedded WebApplicationContext
2024-07-24 10:43:42 [restartedMain] INFO  o.s.b.w.s.c.ServletWebServerApplicationContext - Root WebApplicationContext: initialization completed in 2173 ms
2024-07-24 10:43:42 [restartedMain] INFO  com.zaxxer.hikari.HikariDataSource - tacoclouddev - Starting...
2024-07-24 10:43:42 [restartedMain] INFO  com.zaxxer.hikari.pool.HikariPool - tacoclouddev - Added connection conn0: url=jdbc:h2:mem:testdb user=SA
2024-07-24 10:43:42 [restartedMain] INFO  com.zaxxer.hikari.HikariDataSource - tacoclouddev - Start completed.
2024-07-24 10:43:42 [restartedMain] INFO  o.s.b.a.h.H2ConsoleAutoConfiguration - H2 console available at '/h2-console'. Database available at 'jdbc:h2:mem:testdb'
2024-07-24 10:43:42 [restartedMain] INFO  o.h.jpa.internal.util.LogHelper - HHH000204: Processing PersistenceUnitInfo [name: default]
2024-07-24 10:43:42 [restartedMain] INFO  org.hibernate.Version - HHH000412: Hibernate ORM core version 6.5.2.Final
2024-07-24 10:43:42 [restartedMain] INFO  o.h.c.i.RegionFactoryInitiator - HHH000026: Second-level cache disabled
2024-07-24 10:43:43 [restartedMain] INFO  o.s.o.j.p.SpringPersistenceUnitInfo - No LoadTimeWeaver setup: ignoring JPA class transformer
2024-07-24 10:43:44 [restartedMain] INFO  o.h.e.t.j.p.i.JtaPlatformInitiator - HHH000489: No JTA platform available (set 'hibernate.transaction.jta.platform' to enable JTA platform integration)
2024-07-24 10:43:44 [restartedMain] INFO  o.s.o.j.LocalContainerEntityManagerFactoryBean - Initialized JPA EntityManagerFactory for persistence unit 'default'
2024-07-24 10:43:45 [restartedMain] WARN  o.s.b.a.o.j.JpaBaseConfiguration$JpaWebConfiguration - spring.jpa.open-in-view is enabled by default. Therefore, database queries may be performed during view rendering. Explicitly configure spring.jpa.open-in-view to disable this warning
2024-07-24 10:43:45 [restartedMain] INFO  o.s.b.a.e.web.EndpointLinksResolver - Exposing 1 endpoint beneath base path '/actuator'
2024-07-24 10:43:46 [restartedMain] INFO  o.s.b.d.a.OptionalLiveReloadServer - LiveReload server is running on port 35729
2024-07-24 10:43:46 [restartedMain] INFO  o.a.coyote.http11.Http11NioProtocol - Starting ProtocolHandler ["http-nio-8080"]
2024-07-24 10:43:46 [restartedMain] INFO  o.s.b.w.e.tomcat.TomcatWebServer - Tomcat started on port 8080 (http) with context path '/'
2024-07-24 10:43:46 [restartedMain] INFO  p.g.c.Chap6ProfileConfigApplication - Started Chap6ProfileConfigApplication in 7.048 seconds (process running for 7.698)
2024-07-24 10:43:47 [RMI TCP Connection(2)-192.168.56.1] INFO  o.a.c.c.C.[Tomcat].[localhost].[/] - Initializing Spring DispatcherServlet 'dispatcherServlet'
2024-07-24 10:43:47 [RMI TCP Connection(2)-192.168.56.1] INFO  o.s.web.servlet.DispatcherServlet - Initializing Servlet 'dispatcherServlet'
2024-07-24 10:43:47 [RMI TCP Connection(2)-192.168.56.1] INFO  o.s.web.servlet.DispatcherServlet - Completed initialization in 2 ms
2024-07-24 10:45:18 [SpringApplicationShutdownHook] INFO  o.s.o.j.LocalContainerEntityManagerFactoryBean - Closing JPA EntityManagerFactory for persistence unit 'default'
2024-07-24 10:45:18 [SpringApplicationShutdownHook] WARN  o.s.b.f.s.DisposableBeanAdapter - Invocation of destroy method failed on bean with name 'inMemoryDatabaseShutdownExecutor': org.h2.jdbc.JdbcSQLNonTransientConnectionException: Database is already closed (to disable automatic closing at VM shutdown, add ";DB_CLOSE_ON_EXIT=FALSE" to the db URL) [90121-224]
2024-07-24 10:45:18 [SpringApplicationShutdownHook] INFO  com.zaxxer.hikari.HikariDataSource - tacoclouddev - Shutdown initiated...
2024-07-24 10:45:18 [SpringApplicationShutdownHook] INFO  com.zaxxer.hikari.HikariDataSource - tacoclouddev - Shutdown completed.
2024-07-24 12:18:56 [restartedMain] WARN  o.s.b.a.o.j.JpaBaseConfiguration$JpaWebConfiguration - spring.jpa.open-in-view is enabled by default. Therefore, database queries may be performed during view rendering. Explicitly configure spring.jpa.open-in-view to disable this warning
2024-07-24 12:18:56 [restartedMain] INFO  o.s.s.c.a.a.c.InitializeUserDetailsBeanManagerConfigurer$InitializeUserDetailsManagerConfigurer - Global AuthenticationManager configured with UserDetailsService bean with name userDetailsService
2024-07-24 12:18:56 [restartedMain] DEBUG o.s.s.web.DefaultSecurityFilterChain - Will secure any request with filters: DisableEncodeUrlFilter, WebAsyncManagerIntegrationFilter, SecurityContextHolderFilter, HeaderWriterFilter, CorsFilter, CsrfFilter, LogoutFilter, UsernamePasswordAuthenticationFilter, RequestCacheAwareFilter, SecurityContextHolderAwareRequestFilter, AnonymousAuthenticationFilter, ExceptionTranslationFilter, AuthorizationFilter
2024-07-24 12:19:04 [http-nio-8080-exec-1] DEBUG o.s.security.web.FilterChainProxy - Securing GET /
2024-07-24 12:19:04 [http-nio-8080-exec-1] DEBUG o.s.security.web.FilterChainProxy - Secured GET /
2024-07-24 12:19:05 [http-nio-8080-exec-1] WARN  o.a.c.util.SessionIdGeneratorBase - Creation of SecureRandom instance for session ID generation using [SHA1PRNG] took [113] milliseconds.
2024-07-24 12:19:05 [http-nio-8080-exec-1] DEBUG o.s.s.w.a.AnonymousAuthenticationFilter - Set SecurityContextHolder to anonymous SecurityContext
2024-07-24 12:19:05 [http-nio-8080-exec-2] DEBUG o.s.security.web.FilterChainProxy - Securing GET /css/styles.css
2024-07-24 12:19:05 [http-nio-8080-exec-3] DEBUG o.s.security.web.FilterChainProxy - Securing GET /images/taco.png
2024-07-24 12:19:05 [http-nio-8080-exec-3] DEBUG o.s.security.web.FilterChainProxy - Secured GET /images/taco.png
2024-07-24 12:19:05 [http-nio-8080-exec-2] DEBUG o.s.security.web.FilterChainProxy - Secured GET /css/styles.css
2024-07-24 12:19:05 [http-nio-8080-exec-2] DEBUG o.s.s.w.a.AnonymousAuthenticationFilter - Set SecurityContextHolder to anonymous SecurityContext
2024-07-24 12:19:05 [http-nio-8080-exec-3] DEBUG o.s.s.w.a.AnonymousAuthenticationFilter - Set SecurityContextHolder to anonymous SecurityContext
2024-07-24 12:19:07 [http-nio-8080-exec-4] DEBUG o.s.security.web.FilterChainProxy - Securing GET /design
2024-07-24 12:19:07 [http-nio-8080-exec-4] DEBUG o.s.s.w.a.AnonymousAuthenticationFilter - Set SecurityContextHolder to anonymous SecurityContext
2024-07-24 12:19:07 [http-nio-8080-exec-4] DEBUG o.s.s.w.s.HttpSessionRequestCache - Saved request http://localhost:8080/design?continue to session
2024-07-24 12:19:07 [http-nio-8080-exec-4] DEBUG o.s.s.web.DefaultRedirectStrategy - Redirecting to http://localhost:8080/login
2024-07-24 12:19:07 [http-nio-8080-exec-5] DEBUG o.s.security.web.FilterChainProxy - Securing GET /login
2024-07-24 12:19:07 [http-nio-8080-exec-5] DEBUG o.s.security.web.FilterChainProxy - Secured GET /login
2024-07-24 12:19:07 [http-nio-8080-exec-5] DEBUG o.s.s.w.a.AnonymousAuthenticationFilter - Set SecurityContextHolder to anonymous SecurityContext
2024-07-24 12:19:07 [http-nio-8080-exec-7] DEBUG o.s.security.web.FilterChainProxy - Securing GET /images/TacoCloud.png
2024-07-24 12:19:07 [http-nio-8080-exec-6] DEBUG o.s.security.web.FilterChainProxy - Securing GET /css/styles.css
2024-07-24 12:19:07 [http-nio-8080-exec-6] DEBUG o.s.security.web.FilterChainProxy - Secured GET /css/styles.css
2024-07-24 12:19:07 [http-nio-8080-exec-7] DEBUG o.s.security.web.FilterChainProxy - Secured GET /images/TacoCloud.png
2024-07-24 12:19:07 [http-nio-8080-exec-6] DEBUG o.s.s.w.a.AnonymousAuthenticationFilter - Set SecurityContextHolder to anonymous SecurityContext
2024-07-24 12:19:07 [http-nio-8080-exec-7] DEBUG o.s.s.w.a.AnonymousAuthenticationFilter - Set SecurityContextHolder to anonymous SecurityContext
2024-07-24 12:19:09 [http-nio-8080-exec-8] DEBUG o.s.security.web.FilterChainProxy - Securing GET /register
2024-07-24 12:19:09 [http-nio-8080-exec-8] DEBUG o.s.security.web.FilterChainProxy - Secured GET /register
2024-07-24 12:19:09 [http-nio-8080-exec-8] DEBUG o.s.s.w.a.AnonymousAuthenticationFilter - Set SecurityContextHolder to anonymous SecurityContext
2024-07-24 12:19:09 [http-nio-8080-exec-10] DEBUG o.s.security.web.FilterChainProxy - Securing GET /images/taco.png
2024-07-24 12:19:09 [http-nio-8080-exec-9] DEBUG o.s.security.web.FilterChainProxy - Securing GET /css/styles.css
2024-07-24 12:19:09 [http-nio-8080-exec-10] DEBUG o.s.security.web.FilterChainProxy - Secured GET /images/taco.png
2024-07-24 12:19:09 [http-nio-8080-exec-9] DEBUG o.s.security.web.FilterChainProxy - Secured GET /css/styles.css
2024-07-24 12:19:09 [http-nio-8080-exec-9] DEBUG o.s.s.w.a.AnonymousAuthenticationFilter - Set SecurityContextHolder to anonymous SecurityContext
2024-07-24 12:19:09 [http-nio-8080-exec-10] DEBUG o.s.s.w.a.AnonymousAuthenticationFilter - Set SecurityContextHolder to anonymous SecurityContext
2024-07-24 12:19:17 [http-nio-8080-exec-1] DEBUG o.s.security.web.FilterChainProxy - Securing POST /register
2024-07-24 12:19:17 [http-nio-8080-exec-1] DEBUG o.s.security.web.FilterChainProxy - Secured POST /register
2024-07-24 12:19:17 [http-nio-8080-exec-1] DEBUG o.s.s.w.a.AnonymousAuthenticationFilter - Set SecurityContextHolder to anonymous SecurityContext
2024-07-24 12:19:17 [http-nio-8080-exec-2] DEBUG o.s.security.web.FilterChainProxy - Securing GET /login
2024-07-24 12:19:17 [http-nio-8080-exec-2] DEBUG o.s.security.web.FilterChainProxy - Secured GET /login
2024-07-24 12:19:17 [http-nio-8080-exec-2] DEBUG o.s.s.w.a.AnonymousAuthenticationFilter - Set SecurityContextHolder to anonymous SecurityContext
2024-07-24 12:19:17 [http-nio-8080-exec-3] DEBUG o.s.security.web.FilterChainProxy - Securing GET /css/styles.css
2024-07-24 12:19:17 [http-nio-8080-exec-3] DEBUG o.s.security.web.FilterChainProxy - Secured GET /css/styles.css
2024-07-24 12:19:17 [http-nio-8080-exec-4] DEBUG o.s.security.web.FilterChainProxy - Securing GET /images/TacoCloud.png
2024-07-24 12:19:17 [http-nio-8080-exec-4] DEBUG o.s.security.web.FilterChainProxy - Secured GET /images/TacoCloud.png
2024-07-24 12:19:17 [http-nio-8080-exec-3] DEBUG o.s.s.w.a.AnonymousAuthenticationFilter - Set SecurityContextHolder to anonymous SecurityContext
2024-07-24 12:19:17 [http-nio-8080-exec-4] DEBUG o.s.s.w.a.AnonymousAuthenticationFilter - Set SecurityContextHolder to anonymous SecurityContext
2024-07-24 12:19:20 [http-nio-8080-exec-5] DEBUG o.s.security.web.FilterChainProxy - Securing POST /login
2024-07-24 12:19:21 [http-nio-8080-exec-5] DEBUG o.s.s.a.d.DaoAuthenticationProvider - Authenticated user
2024-07-24 12:19:21 [http-nio-8080-exec-5] DEBUG o.s.s.w.a.s.ChangeSessionIdAuthenticationStrategy - Changed session id from 3701278E970E4098A074D81902FA9340
2024-07-24 12:19:21 [http-nio-8080-exec-5] DEBUG o.s.s.w.c.CsrfAuthenticationStrategy - Replaced CSRF Token
2024-07-24 12:19:21 [http-nio-8080-exec-5] DEBUG o.s.s.w.c.HttpSessionSecurityContextRepository - Stored SecurityContextImpl [Authentication=UsernamePasswordAuthenticationToken [Principal=User(id=1, username=Username, password=$2a$10$qjs.HCDBOqyaM92mO0g4r.Tmzbq9g/T9akfuHezsfdEEefGQ68owK, fullname=Galina Sokolova, street=Rua Ary dos Santos 489, city=Cascais, state=Username, zip=2775-337, phoneNumber=965327346), Credentials=[PROTECTED], Authenticated=true, Details=WebAuthenticationDetails [RemoteIpAddress=0:0:0:0:0:0:0:1, SessionId=3701278E970E4098A074D81902FA9340], Granted Authorities=[ROLE_USER]]] to HttpSession [org.apache.catalina.session.StandardSessionFacade@30f92971]
2024-07-24 12:19:21 [http-nio-8080-exec-5] DEBUG o.s.s.w.a.UsernamePasswordAuthenticationFilter - Set SecurityContextHolder to UsernamePasswordAuthenticationToken [Principal=User(id=1, username=Username, password=$2a$10$qjs.HCDBOqyaM92mO0g4r.Tmzbq9g/T9akfuHezsfdEEefGQ68owK, fullname=Galina Sokolova, street=Rua Ary dos Santos 489, city=Cascais, state=Username, zip=2775-337, phoneNumber=965327346), Credentials=[PROTECTED], Authenticated=true, Details=WebAuthenticationDetails [RemoteIpAddress=0:0:0:0:0:0:0:1, SessionId=3701278E970E4098A074D81902FA9340], Granted Authorities=[ROLE_USER]]
2024-07-24 12:19:21 [http-nio-8080-exec-5] DEBUG o.s.s.web.DefaultRedirectStrategy - Redirecting to http://localhost:8080/design?continue
2024-07-24 12:19:21 [http-nio-8080-exec-6] DEBUG o.s.security.web.FilterChainProxy - Securing GET /design?continue
2024-07-24 12:19:21 [http-nio-8080-exec-6] DEBUG o.s.s.w.s.HttpSessionRequestCache - Loaded matching saved request http://localhost:8080/design?continue
2024-07-24 12:19:21 [http-nio-8080-exec-6] DEBUG o.s.s.w.c.HttpSessionSecurityContextRepository - Retrieved SecurityContextImpl [Authentication=UsernamePasswordAuthenticationToken [Principal=User(id=1, username=Username, password=$2a$10$qjs.HCDBOqyaM92mO0g4r.Tmzbq9g/T9akfuHezsfdEEefGQ68owK, fullname=Galina Sokolova, street=Rua Ary dos Santos 489, city=Cascais, state=Username, zip=2775-337, phoneNumber=965327346), Credentials=[PROTECTED], Authenticated=true, Details=WebAuthenticationDetails [RemoteIpAddress=0:0:0:0:0:0:0:1, SessionId=3701278E970E4098A074D81902FA9340], Granted Authorities=[ROLE_USER]]]
2024-07-24 12:19:21 [http-nio-8080-exec-6] DEBUG o.s.security.web.FilterChainProxy - Secured GET /design?continue
2024-07-24 12:19:21 [http-nio-8080-exec-8] DEBUG o.s.security.web.FilterChainProxy - Securing GET /images/TacoCloud.png
2024-07-24 12:19:21 [http-nio-8080-exec-7] DEBUG o.s.security.web.FilterChainProxy - Securing GET /css/styles.css
2024-07-24 12:19:21 [http-nio-8080-exec-7] DEBUG o.s.security.web.FilterChainProxy - Secured GET /css/styles.css
2024-07-24 12:19:21 [http-nio-8080-exec-8] DEBUG o.s.security.web.FilterChainProxy - Secured GET /images/TacoCloud.png
2024-07-24 12:19:21 [http-nio-8080-exec-7] DEBUG o.s.s.w.c.HttpSessionSecurityContextRepository - Retrieved SecurityContextImpl [Authentication=UsernamePasswordAuthenticationToken [Principal=User(id=1, username=Username, password=$2a$10$qjs.HCDBOqyaM92mO0g4r.Tmzbq9g/T9akfuHezsfdEEefGQ68owK, fullname=Galina Sokolova, street=Rua Ary dos Santos 489, city=Cascais, state=Username, zip=2775-337, phoneNumber=965327346), Credentials=[PROTECTED], Authenticated=true, Details=WebAuthenticationDetails [RemoteIpAddress=0:0:0:0:0:0:0:1, SessionId=3701278E970E4098A074D81902FA9340], Granted Authorities=[ROLE_USER]]]
2024-07-24 12:19:21 [http-nio-8080-exec-8] DEBUG o.s.s.w.c.HttpSessionSecurityContextRepository - Retrieved SecurityContextImpl [Authentication=UsernamePasswordAuthenticationToken [Principal=User(id=1, username=Username, password=$2a$10$qjs.HCDBOqyaM92mO0g4r.Tmzbq9g/T9akfuHezsfdEEefGQ68owK, fullname=Galina Sokolova, street=Rua Ary dos Santos 489, city=Cascais, state=Username, zip=2775-337, phoneNumber=965327346), Credentials=[PROTECTED], Authenticated=true, Details=WebAuthenticationDetails [RemoteIpAddress=0:0:0:0:0:0:0:1, SessionId=3701278E970E4098A074D81902FA9340], Granted Authorities=[ROLE_USER]]]
2024-07-24 12:19:26 [http-nio-8080-exec-9] DEBUG o.s.security.web.FilterChainProxy - Securing POST /design
2024-07-24 12:19:26 [http-nio-8080-exec-9] DEBUG o.s.s.w.c.HttpSessionSecurityContextRepository - Retrieved SecurityContextImpl [Authentication=UsernamePasswordAuthenticationToken [Principal=User(id=1, username=Username, password=$2a$10$qjs.HCDBOqyaM92mO0g4r.Tmzbq9g/T9akfuHezsfdEEefGQ68owK, fullname=Galina Sokolova, street=Rua Ary dos Santos 489, city=Cascais, state=Username, zip=2775-337, phoneNumber=965327346), Credentials=[PROTECTED], Authenticated=true, Details=WebAuthenticationDetails [RemoteIpAddress=0:0:0:0:0:0:0:1, SessionId=3701278E970E4098A074D81902FA9340], Granted Authorities=[ROLE_USER]]]
2024-07-24 12:19:26 [http-nio-8080-exec-9] DEBUG o.s.security.web.FilterChainProxy - Secured POST /design
2024-07-24 12:19:26 [http-nio-8080-exec-10] DEBUG o.s.security.web.FilterChainProxy - Securing GET /orders/current
2024-07-24 12:19:26 [http-nio-8080-exec-10] DEBUG o.s.security.web.FilterChainProxy - Secured GET /orders/current
2024-07-24 12:19:26 [http-nio-8080-exec-10] DEBUG o.s.s.w.c.HttpSessionSecurityContextRepository - Retrieved SecurityContextImpl [Authentication=UsernamePasswordAuthenticationToken [Principal=User(id=1, username=Username, password=$2a$10$qjs.HCDBOqyaM92mO0g4r.Tmzbq9g/T9akfuHezsfdEEefGQ68owK, fullname=Galina Sokolova, street=Rua Ary dos Santos 489, city=Cascais, state=Username, zip=2775-337, phoneNumber=965327346), Credentials=[PROTECTED], Authenticated=true, Details=WebAuthenticationDetails [RemoteIpAddress=0:0:0:0:0:0:0:1, SessionId=3701278E970E4098A074D81902FA9340], Granted Authorities=[ROLE_USER]]]
2024-07-24 12:19:26 [http-nio-8080-exec-1] DEBUG o.s.security.web.FilterChainProxy - Securing GET /css/styles.css
2024-07-24 12:19:26 [http-nio-8080-exec-2] DEBUG o.s.security.web.FilterChainProxy - Securing GET /images/taco.png
2024-07-24 12:19:26 [http-nio-8080-exec-2] DEBUG o.s.security.web.FilterChainProxy - Secured GET /images/taco.png
2024-07-24 12:19:26 [http-nio-8080-exec-1] DEBUG o.s.security.web.FilterChainProxy - Secured GET /css/styles.css
2024-07-24 12:19:26 [http-nio-8080-exec-1] DEBUG o.s.s.w.c.HttpSessionSecurityContextRepository - Retrieved SecurityContextImpl [Authentication=UsernamePasswordAuthenticationToken [Principal=User(id=1, username=Username, password=$2a$10$qjs.HCDBOqyaM92mO0g4r.Tmzbq9g/T9akfuHezsfdEEefGQ68owK, fullname=Galina Sokolova, street=Rua Ary dos Santos 489, city=Cascais, state=Username, zip=2775-337, phoneNumber=965327346), Credentials=[PROTECTED], Authenticated=true, Details=WebAuthenticationDetails [RemoteIpAddress=0:0:0:0:0:0:0:1, SessionId=3701278E970E4098A074D81902FA9340], Granted Authorities=[ROLE_USER]]]
2024-07-24 12:19:26 [http-nio-8080-exec-2] DEBUG o.s.s.w.c.HttpSessionSecurityContextRepository - Retrieved SecurityContextImpl [Authentication=UsernamePasswordAuthenticationToken [Principal=User(id=1, username=Username, password=$2a$10$qjs.HCDBOqyaM92mO0g4r.Tmzbq9g/T9akfuHezsfdEEefGQ68owK, fullname=Galina Sokolova, street=Rua Ary dos Santos 489, city=Cascais, state=Username, zip=2775-337, phoneNumber=965327346), Credentials=[PROTECTED], Authenticated=true, Details=WebAuthenticationDetails [RemoteIpAddress=0:0:0:0:0:0:0:1, SessionId=3701278E970E4098A074D81902FA9340], Granted Authorities=[ROLE_USER]]]
2024-07-24 12:19:48 [http-nio-8080-exec-3] DEBUG o.s.security.web.FilterChainProxy - Securing POST /orders
2024-07-24 12:19:48 [http-nio-8080-exec-3] DEBUG o.s.s.w.c.HttpSessionSecurityContextRepository - Retrieved SecurityContextImpl [Authentication=UsernamePasswordAuthenticationToken [Principal=User(id=1, username=Username, password=$2a$10$qjs.HCDBOqyaM92mO0g4r.Tmzbq9g/T9akfuHezsfdEEefGQ68owK, fullname=Galina Sokolova, street=Rua Ary dos Santos 489, city=Cascais, state=Username, zip=2775-337, phoneNumber=965327346), Credentials=[PROTECTED], Authenticated=true, Details=WebAuthenticationDetails [RemoteIpAddress=0:0:0:0:0:0:0:1, SessionId=3701278E970E4098A074D81902FA9340], Granted Authorities=[ROLE_USER]]]
2024-07-24 12:19:48 [http-nio-8080-exec-3] DEBUG o.s.security.web.FilterChainProxy - Secured POST /orders
2024-07-24 12:19:48 [http-nio-8080-exec-4] DEBUG o.s.security.web.FilterChainProxy - Securing GET /orders/orderList
2024-07-24 12:19:48 [http-nio-8080-exec-4] DEBUG o.s.s.w.c.HttpSessionSecurityContextRepository - Retrieved SecurityContextImpl [Authentication=UsernamePasswordAuthenticationToken [Principal=User(id=1, username=Username, password=$2a$10$qjs.HCDBOqyaM92mO0g4r.Tmzbq9g/T9akfuHezsfdEEefGQ68owK, fullname=Galina Sokolova, street=Rua Ary dos Santos 489, city=Cascais, state=Username, zip=2775-337, phoneNumber=965327346), Credentials=[PROTECTED], Authenticated=true, Details=WebAuthenticationDetails [RemoteIpAddress=0:0:0:0:0:0:0:1, SessionId=3701278E970E4098A074D81902FA9340], Granted Authorities=[ROLE_USER]]]
2024-07-24 12:19:48 [http-nio-8080-exec-4] DEBUG o.s.security.web.FilterChainProxy - Secured GET /orders/orderList
2024-07-24 12:19:48 [http-nio-8080-exec-6] DEBUG o.s.security.web.FilterChainProxy - Securing GET /images/taco_order.png
2024-07-24 12:19:48 [http-nio-8080-exec-5] DEBUG o.s.security.web.FilterChainProxy - Securing GET /css/styles.css
2024-07-24 12:19:48 [http-nio-8080-exec-6] DEBUG o.s.security.web.FilterChainProxy - Secured GET /images/taco_order.png
2024-07-24 12:19:48 [http-nio-8080-exec-5] DEBUG o.s.security.web.FilterChainProxy - Secured GET /css/styles.css
2024-07-24 12:19:48 [http-nio-8080-exec-5] DEBUG o.s.s.w.c.HttpSessionSecurityContextRepository - Retrieved SecurityContextImpl [Authentication=UsernamePasswordAuthenticationToken [Principal=User(id=1, username=Username, password=$2a$10$qjs.HCDBOqyaM92mO0g4r.Tmzbq9g/T9akfuHezsfdEEefGQ68owK, fullname=Galina Sokolova, street=Rua Ary dos Santos 489, city=Cascais, state=Username, zip=2775-337, phoneNumber=965327346), Credentials=[PROTECTED], Authenticated=true, Details=WebAuthenticationDetails [RemoteIpAddress=0:0:0:0:0:0:0:1, SessionId=3701278E970E4098A074D81902FA9340], Granted Authorities=[ROLE_USER]]]
2024-07-24 12:19:48 [http-nio-8080-exec-6] DEBUG o.s.s.w.c.HttpSessionSecurityContextRepository - Retrieved SecurityContextImpl [Authentication=UsernamePasswordAuthenticationToken [Principal=User(id=1, username=Username, password=$2a$10$qjs.HCDBOqyaM92mO0g4r.Tmzbq9g/T9akfuHezsfdEEefGQ68owK, fullname=Galina Sokolova, street=Rua Ary dos Santos 489, city=Cascais, state=Username, zip=2775-337, phoneNumber=965327346), Credentials=[PROTECTED], Authenticated=true, Details=WebAuthenticationDetails [RemoteIpAddress=0:0:0:0:0:0:0:1, SessionId=3701278E970E4098A074D81902FA9340], Granted Authorities=[ROLE_USER]]]
2024-07-24 12:26:59 [SpringApplicationShutdownHook] WARN  o.s.b.f.s.DisposableBeanAdapter - Invocation of destroy method failed on bean with name 'inMemoryDatabaseShutdownExecutor': org.h2.jdbc.JdbcSQLNonTransientConnectionException: Database is already closed (to disable automatic closing at VM shutdown, add ";DB_CLOSE_ON_EXIT=FALSE" to the db URL) [90121-224]
