2025-07-08 14:36:00 [restartedMain] WARN  o.s.b.a.o.j.JpaBaseConfiguration$JpaWebConfiguration - spring.jpa.open-in-view is enabled by default. Therefore, database queries may be performed during view rendering. Explicitly configure spring.jpa.open-in-view to disable this warning
2025-07-08 14:36:00 [restartedMain] INFO  o.s.s.c.a.a.c.InitializeUserDetailsBeanManagerConfigurer$InitializeUserDetailsManagerConfigurer - Global AuthenticationManager configured with UserDetailsService bean with name userDetailsService
2025-07-08 14:36:01 [restartedMain] DEBUG o.s.s.web.DefaultSecurityFilterChain - Will secure any request with filters: DisableEncodeUrlFilter, WebAsyncManagerIntegrationFilter, SecurityContextHolderFilter, HeaderWriterFilter, CorsFilter, CsrfFilter, LogoutFilter, UsernamePasswordAuthenticationFilter, RequestCacheAwareFilter, SecurityContextHolderAwareRequestFilter, AnonymousAuthenticationFilter, ExceptionTranslationFilter, AuthorizationFilter
2025-07-08 14:36:06 [http-nio-8080-exec-1] DEBUG o.s.security.web.FilterChainProxy - Securing GET /
2025-07-08 14:36:07 [http-nio-8080-exec-1] DEBUG o.s.security.web.FilterChainProxy - Secured GET /
2025-07-08 14:36:08 [http-nio-8080-exec-1] WARN  o.a.c.util.SessionIdGeneratorBase - Creation of SecureRandom instance for session ID generation using [SHA1PRNG] took [115] milliseconds.
2025-07-08 14:36:08 [http-nio-8080-exec-1] DEBUG o.s.s.w.a.AnonymousAuthenticationFilter - Set SecurityContextHolder to anonymous SecurityContext
2025-07-08 14:36:08 [http-nio-8080-exec-4] DEBUG o.s.security.web.FilterChainProxy - Securing GET /images/taco.png
2025-07-08 14:36:08 [http-nio-8080-exec-3] DEBUG o.s.security.web.FilterChainProxy - Securing GET /css/styles.css
2025-07-08 14:36:08 [http-nio-8080-exec-4] DEBUG o.s.security.web.FilterChainProxy - Secured GET /images/taco.png
2025-07-08 14:36:08 [http-nio-8080-exec-3] DEBUG o.s.security.web.FilterChainProxy - Secured GET /css/styles.css
2025-07-08 14:36:08 [http-nio-8080-exec-3] DEBUG o.s.s.w.a.AnonymousAuthenticationFilter - Set SecurityContextHolder to anonymous SecurityContext
2025-07-08 14:36:08 [http-nio-8080-exec-4] DEBUG o.s.s.w.a.AnonymousAuthenticationFilter - Set SecurityContextHolder to anonymous SecurityContext
2025-07-08 14:36:08 [http-nio-8080-exec-2] DEBUG o.s.security.web.FilterChainProxy - Securing GET /favicon.ico
2025-07-08 14:36:08 [http-nio-8080-exec-2] DEBUG o.s.security.web.FilterChainProxy - Secured GET /favicon.ico
2025-07-08 14:36:08 [http-nio-8080-exec-2] DEBUG o.s.s.w.a.AnonymousAuthenticationFilter - Set SecurityContextHolder to anonymous SecurityContext
2025-07-08 14:36:08 [http-nio-8080-exec-2] DEBUG o.s.security.web.FilterChainProxy - Securing GET /error
2025-07-08 14:36:08 [http-nio-8080-exec-2] DEBUG o.s.security.web.FilterChainProxy - Secured GET /error
2025-07-08 14:36:08 [http-nio-8080-exec-2] DEBUG o.s.s.w.a.AnonymousAuthenticationFilter - Set SecurityContextHolder to anonymous SecurityContext
2025-07-08 14:36:13 [http-nio-8080-exec-5] DEBUG o.s.security.web.FilterChainProxy - Securing GET /design
2025-07-08 14:36:13 [http-nio-8080-exec-5] DEBUG o.s.s.w.a.AnonymousAuthenticationFilter - Set SecurityContextHolder to anonymous SecurityContext
2025-07-08 14:36:13 [http-nio-8080-exec-5] DEBUG o.s.s.w.s.HttpSessionRequestCache - Saved request http://localhost:8080/design?continue to session
2025-07-08 14:36:13 [http-nio-8080-exec-5] DEBUG o.s.s.web.DefaultRedirectStrategy - Redirecting to http://localhost:8080/login
2025-07-08 14:36:13 [http-nio-8080-exec-6] DEBUG o.s.security.web.FilterChainProxy - Securing GET /login
2025-07-08 14:36:13 [http-nio-8080-exec-6] DEBUG o.s.security.web.FilterChainProxy - Secured GET /login
2025-07-08 14:36:13 [http-nio-8080-exec-6] DEBUG o.s.s.w.a.AnonymousAuthenticationFilter - Set SecurityContextHolder to anonymous SecurityContext
2025-07-08 14:36:13 [http-nio-8080-exec-8] DEBUG o.s.security.web.FilterChainProxy - Securing GET /images/TacoCloud.png
2025-07-08 14:36:13 [http-nio-8080-exec-7] DEBUG o.s.security.web.FilterChainProxy - Securing GET /css/styles.css
2025-07-08 14:36:13 [http-nio-8080-exec-8] DEBUG o.s.security.web.FilterChainProxy - Secured GET /images/TacoCloud.png
2025-07-08 14:36:13 [http-nio-8080-exec-7] DEBUG o.s.security.web.FilterChainProxy - Secured GET /css/styles.css
2025-07-08 14:36:13 [http-nio-8080-exec-7] DEBUG o.s.s.w.a.AnonymousAuthenticationFilter - Set SecurityContextHolder to anonymous SecurityContext
2025-07-08 14:36:13 [http-nio-8080-exec-8] DEBUG o.s.s.w.a.AnonymousAuthenticationFilter - Set SecurityContextHolder to anonymous SecurityContext
2025-07-08 14:36:18 [http-nio-8080-exec-9] DEBUG o.s.security.web.FilterChainProxy - Securing GET /register
2025-07-08 14:36:18 [http-nio-8080-exec-9] DEBUG o.s.security.web.FilterChainProxy - Secured GET /register
2025-07-08 14:36:18 [http-nio-8080-exec-9] DEBUG o.s.s.w.a.AnonymousAuthenticationFilter - Set SecurityContextHolder to anonymous SecurityContext
2025-07-08 14:36:18 [http-nio-8080-exec-1] DEBUG o.s.security.web.FilterChainProxy - Securing GET /images/taco.png
2025-07-08 14:36:18 [http-nio-8080-exec-10] DEBUG o.s.security.web.FilterChainProxy - Securing GET /css/styles.css
2025-07-08 14:36:18 [http-nio-8080-exec-10] DEBUG o.s.security.web.FilterChainProxy - Secured GET /css/styles.css
2025-07-08 14:36:18 [http-nio-8080-exec-1] DEBUG o.s.security.web.FilterChainProxy - Secured GET /images/taco.png
2025-07-08 14:36:18 [http-nio-8080-exec-10] DEBUG o.s.s.w.a.AnonymousAuthenticationFilter - Set SecurityContextHolder to anonymous SecurityContext
2025-07-08 14:36:18 [http-nio-8080-exec-1] DEBUG o.s.s.w.a.AnonymousAuthenticationFilter - Set SecurityContextHolder to anonymous SecurityContext
2025-07-08 14:36:30 [http-nio-8080-exec-3] DEBUG o.s.security.web.FilterChainProxy - Securing POST /register
2025-07-08 14:36:30 [http-nio-8080-exec-3] DEBUG o.s.security.web.FilterChainProxy - Secured POST /register
2025-07-08 14:36:31 [http-nio-8080-exec-3] DEBUG o.s.s.w.a.AnonymousAuthenticationFilter - Set SecurityContextHolder to anonymous SecurityContext
2025-07-08 14:36:31 [http-nio-8080-exec-4] DEBUG o.s.security.web.FilterChainProxy - Securing GET /login
2025-07-08 14:36:31 [http-nio-8080-exec-4] DEBUG o.s.security.web.FilterChainProxy - Secured GET /login
2025-07-08 14:36:31 [http-nio-8080-exec-4] DEBUG o.s.s.w.a.AnonymousAuthenticationFilter - Set SecurityContextHolder to anonymous SecurityContext
2025-07-08 14:36:31 [http-nio-8080-exec-2] DEBUG o.s.security.web.FilterChainProxy - Securing GET /css/styles.css
2025-07-08 14:36:31 [http-nio-8080-exec-5] DEBUG o.s.security.web.FilterChainProxy - Securing GET /images/TacoCloud.png
2025-07-08 14:36:31 [http-nio-8080-exec-2] DEBUG o.s.security.web.FilterChainProxy - Secured GET /css/styles.css
2025-07-08 14:36:31 [http-nio-8080-exec-5] DEBUG o.s.security.web.FilterChainProxy - Secured GET /images/TacoCloud.png
2025-07-08 14:36:31 [http-nio-8080-exec-2] DEBUG o.s.s.w.a.AnonymousAuthenticationFilter - Set SecurityContextHolder to anonymous SecurityContext
2025-07-08 14:36:31 [http-nio-8080-exec-5] DEBUG o.s.s.w.a.AnonymousAuthenticationFilter - Set SecurityContextHolder to anonymous SecurityContext
2025-07-08 14:36:33 [http-nio-8080-exec-6] DEBUG o.s.security.web.FilterChainProxy - Securing POST /login
2025-07-08 14:36:34 [http-nio-8080-exec-6] DEBUG o.s.s.a.d.DaoAuthenticationProvider - Authenticated user
2025-07-08 14:36:34 [http-nio-8080-exec-6] DEBUG o.s.s.w.a.s.ChangeSessionIdAuthenticationStrategy - Changed session id from 3A37FD76A08E5A2FDC3AE9A329B24399
2025-07-08 14:36:34 [http-nio-8080-exec-6] DEBUG o.s.s.w.c.CsrfAuthenticationStrategy - Replaced CSRF Token
2025-07-08 14:36:34 [http-nio-8080-exec-6] DEBUG o.s.s.w.c.HttpSessionSecurityContextRepository - Stored SecurityContextImpl [Authentication=UsernamePasswordAuthenticationToken [Principal=User(id=1, username=Username, password=$2a$10$93gYRwJCfGMciCcwJh49s.TrBKA6szHWMdq//fI2/vgcrd6Zu8ndO, fullname=Galina Sokolova, street=Rua Ary dos Santos 489, city=Cascais, state=Username, zip=2775-337, phoneNumber=965327346), Credentials=[PROTECTED], Authenticated=true, Details=WebAuthenticationDetails [RemoteIpAddress=0:0:0:0:0:0:0:1, SessionId=3A37FD76A08E5A2FDC3AE9A329B24399], Granted Authorities=[ROLE_USER]]] to HttpSession [org.apache.catalina.session.StandardSessionFacade@46085dca]
2025-07-08 14:36:34 [http-nio-8080-exec-6] DEBUG o.s.s.w.a.UsernamePasswordAuthenticationFilter - Set SecurityContextHolder to UsernamePasswordAuthenticationToken [Principal=User(id=1, username=Username, password=$2a$10$93gYRwJCfGMciCcwJh49s.TrBKA6szHWMdq//fI2/vgcrd6Zu8ndO, fullname=Galina Sokolova, street=Rua Ary dos Santos 489, city=Cascais, state=Username, zip=2775-337, phoneNumber=965327346), Credentials=[PROTECTED], Authenticated=true, Details=WebAuthenticationDetails [RemoteIpAddress=0:0:0:0:0:0:0:1, SessionId=3A37FD76A08E5A2FDC3AE9A329B24399], Granted Authorities=[ROLE_USER]]
2025-07-08 14:36:34 [http-nio-8080-exec-6] DEBUG o.s.s.web.DefaultRedirectStrategy - Redirecting to http://localhost:8080/design?continue
2025-07-08 14:36:34 [http-nio-8080-exec-7] DEBUG o.s.security.web.FilterChainProxy - Securing GET /design?continue
2025-07-08 14:36:34 [http-nio-8080-exec-7] DEBUG o.s.s.w.s.HttpSessionRequestCache - Loaded matching saved request http://localhost:8080/design?continue
2025-07-08 14:36:34 [http-nio-8080-exec-7] DEBUG o.s.s.w.c.HttpSessionSecurityContextRepository - Retrieved SecurityContextImpl [Authentication=UsernamePasswordAuthenticationToken [Principal=User(id=1, username=Username, password=$2a$10$93gYRwJCfGMciCcwJh49s.TrBKA6szHWMdq//fI2/vgcrd6Zu8ndO, fullname=Galina Sokolova, street=Rua Ary dos Santos 489, city=Cascais, state=Username, zip=2775-337, phoneNumber=965327346), Credentials=[PROTECTED], Authenticated=true, Details=WebAuthenticationDetails [RemoteIpAddress=0:0:0:0:0:0:0:1, SessionId=3A37FD76A08E5A2FDC3AE9A329B24399], Granted Authorities=[ROLE_USER]]]
2025-07-08 14:36:34 [http-nio-8080-exec-7] DEBUG o.s.security.web.FilterChainProxy - Secured GET /design?continue
2025-07-08 14:36:35 [http-nio-8080-exec-9] DEBUG o.s.security.web.FilterChainProxy - Securing GET /images/TacoCloud.png
2025-07-08 14:36:35 [http-nio-8080-exec-8] DEBUG o.s.security.web.FilterChainProxy - Securing GET /css/styles.css
2025-07-08 14:36:35 [http-nio-8080-exec-8] DEBUG o.s.security.web.FilterChainProxy - Secured GET /css/styles.css
2025-07-08 14:36:35 [http-nio-8080-exec-9] DEBUG o.s.security.web.FilterChainProxy - Secured GET /images/TacoCloud.png
2025-07-08 14:36:35 [http-nio-8080-exec-8] DEBUG o.s.s.w.c.HttpSessionSecurityContextRepository - Retrieved SecurityContextImpl [Authentication=UsernamePasswordAuthenticationToken [Principal=User(id=1, username=Username, password=$2a$10$93gYRwJCfGMciCcwJh49s.TrBKA6szHWMdq//fI2/vgcrd6Zu8ndO, fullname=Galina Sokolova, street=Rua Ary dos Santos 489, city=Cascais, state=Username, zip=2775-337, phoneNumber=965327346), Credentials=[PROTECTED], Authenticated=true, Details=WebAuthenticationDetails [RemoteIpAddress=0:0:0:0:0:0:0:1, SessionId=3A37FD76A08E5A2FDC3AE9A329B24399], Granted Authorities=[ROLE_USER]]]
2025-07-08 14:36:35 [http-nio-8080-exec-9] DEBUG o.s.s.w.c.HttpSessionSecurityContextRepository - Retrieved SecurityContextImpl [Authentication=UsernamePasswordAuthenticationToken [Principal=User(id=1, username=Username, password=$2a$10$93gYRwJCfGMciCcwJh49s.TrBKA6szHWMdq//fI2/vgcrd6Zu8ndO, fullname=Galina Sokolova, street=Rua Ary dos Santos 489, city=Cascais, state=Username, zip=2775-337, phoneNumber=965327346), Credentials=[PROTECTED], Authenticated=true, Details=WebAuthenticationDetails [RemoteIpAddress=0:0:0:0:0:0:0:1, SessionId=3A37FD76A08E5A2FDC3AE9A329B24399], Granted Authorities=[ROLE_USER]]]
2025-07-08 14:36:41 [http-nio-8080-exec-10] DEBUG o.s.security.web.FilterChainProxy - Securing POST /design
2025-07-08 14:36:41 [http-nio-8080-exec-10] DEBUG o.s.s.w.c.HttpSessionSecurityContextRepository - Retrieved SecurityContextImpl [Authentication=UsernamePasswordAuthenticationToken [Principal=User(id=1, username=Username, password=$2a$10$93gYRwJCfGMciCcwJh49s.TrBKA6szHWMdq//fI2/vgcrd6Zu8ndO, fullname=Galina Sokolova, street=Rua Ary dos Santos 489, city=Cascais, state=Username, zip=2775-337, phoneNumber=965327346), Credentials=[PROTECTED], Authenticated=true, Details=WebAuthenticationDetails [RemoteIpAddress=0:0:0:0:0:0:0:1, SessionId=3A37FD76A08E5A2FDC3AE9A329B24399], Granted Authorities=[ROLE_USER]]]
2025-07-08 14:36:41 [http-nio-8080-exec-10] DEBUG o.s.security.web.FilterChainProxy - Secured POST /design
2025-07-08 14:36:41 [http-nio-8080-exec-1] DEBUG o.s.security.web.FilterChainProxy - Securing GET /orders/current
2025-07-08 14:36:41 [http-nio-8080-exec-1] DEBUG o.s.security.web.FilterChainProxy - Secured GET /orders/current
2025-07-08 14:36:41 [http-nio-8080-exec-1] DEBUG o.s.s.w.c.HttpSessionSecurityContextRepository - Retrieved SecurityContextImpl [Authentication=UsernamePasswordAuthenticationToken [Principal=User(id=1, username=Username, password=$2a$10$93gYRwJCfGMciCcwJh49s.TrBKA6szHWMdq//fI2/vgcrd6Zu8ndO, fullname=Galina Sokolova, street=Rua Ary dos Santos 489, city=Cascais, state=Username, zip=2775-337, phoneNumber=965327346), Credentials=[PROTECTED], Authenticated=true, Details=WebAuthenticationDetails [RemoteIpAddress=0:0:0:0:0:0:0:1, SessionId=3A37FD76A08E5A2FDC3AE9A329B24399], Granted Authorities=[ROLE_USER]]]
2025-07-08 14:36:41 [http-nio-8080-exec-4] DEBUG o.s.security.web.FilterChainProxy - Securing GET /images/taco.png
2025-07-08 14:36:41 [http-nio-8080-exec-3] DEBUG o.s.security.web.FilterChainProxy - Securing GET /css/styles.css
2025-07-08 14:36:41 [http-nio-8080-exec-3] DEBUG o.s.security.web.FilterChainProxy - Secured GET /css/styles.css
2025-07-08 14:36:41 [http-nio-8080-exec-4] DEBUG o.s.security.web.FilterChainProxy - Secured GET /images/taco.png
2025-07-08 14:36:41 [http-nio-8080-exec-3] DEBUG o.s.s.w.c.HttpSessionSecurityContextRepository - Retrieved SecurityContextImpl [Authentication=UsernamePasswordAuthenticationToken [Principal=User(id=1, username=Username, password=$2a$10$93gYRwJCfGMciCcwJh49s.TrBKA6szHWMdq//fI2/vgcrd6Zu8ndO, fullname=Galina Sokolova, street=Rua Ary dos Santos 489, city=Cascais, state=Username, zip=2775-337, phoneNumber=965327346), Credentials=[PROTECTED], Authenticated=true, Details=WebAuthenticationDetails [RemoteIpAddress=0:0:0:0:0:0:0:1, SessionId=3A37FD76A08E5A2FDC3AE9A329B24399], Granted Authorities=[ROLE_USER]]]
2025-07-08 14:36:41 [http-nio-8080-exec-4] DEBUG o.s.s.w.c.HttpSessionSecurityContextRepository - Retrieved SecurityContextImpl [Authentication=UsernamePasswordAuthenticationToken [Principal=User(id=1, username=Username, password=$2a$10$93gYRwJCfGMciCcwJh49s.TrBKA6szHWMdq//fI2/vgcrd6Zu8ndO, fullname=Galina Sokolova, street=Rua Ary dos Santos 489, city=Cascais, state=Username, zip=2775-337, phoneNumber=965327346), Credentials=[PROTECTED], Authenticated=true, Details=WebAuthenticationDetails [RemoteIpAddress=0:0:0:0:0:0:0:1, SessionId=3A37FD76A08E5A2FDC3AE9A329B24399], Granted Authorities=[ROLE_USER]]]
2025-07-08 14:37:19 [SpringApplicationShutdownHook] WARN  o.s.b.f.s.DisposableBeanAdapter - Invocation of destroy method failed on bean with name 'inMemoryDatabaseShutdownExecutor': org.h2.jdbc.JdbcSQLNonTransientConnectionException: Database is already closed (to disable automatic closing at VM shutdown, add ";DB_CLOSE_ON_EXIT=FALSE" to the db URL) [90121-224]
