2024-07-24 10:43:05 [background-preinit] INFO  o.h.validator.internal.util.Version - HV000001: Hibernate Validator 8.0.1.Final
2024-07-24 10:43:05 [main] INFO  p.g.c.Chap6ProfileConfigApplicationTests - Starting Chap6ProfileConfigApplicationTests using Java 17.0.12 with PID 17740 (started by Galina in C:\Users\soglg\IdeaProjects\spring-in-action-demo\chap6-profile-config)
2024-07-24 10:43:05 [main] INFO  p.g.c.Chap6ProfileConfigApplicationTests - The following 1 profile is active: "dev"
2024-07-24 10:43:06 [main] INFO  o.s.d.r.c.RepositoryConfigurationDelegate - Bootstrapping Spring Data JPA repositories in DEFAULT mode.
2024-07-24 10:43:06 [main] INFO  o.s.d.r.c.RepositoryConfigurationDelegate - Finished Spring Data repository scanning in 56 ms. Found 3 JPA repository interfaces.
2024-07-24 10:43:07 [main] INFO  o.h.jpa.internal.util.LogHelper - HHH000204: Processing PersistenceUnitInfo [name: default]
2024-07-24 10:43:07 [main] INFO  org.hibernate.Version - HHH000412: Hibernate ORM core version 6.5.2.Final
2024-07-24 10:43:07 [main] INFO  o.h.c.i.RegionFactoryInitiator - HHH000026: Second-level cache disabled
2024-07-24 10:43:07 [main] INFO  o.s.o.j.p.SpringPersistenceUnitInfo - No LoadTimeWeaver setup: ignoring JPA class transformer
2024-07-24 10:43:07 [main] INFO  com.zaxxer.hikari.HikariDataSource - tacoclouddev - Starting...
2024-07-24 10:43:07 [main] INFO  com.zaxxer.hikari.pool.HikariPool - tacoclouddev - Added connection conn0: url=jdbc:h2:mem:testdb user=SA
2024-07-24 10:43:07 [main] INFO  com.zaxxer.hikari.HikariDataSource - tacoclouddev - Start completed.
2024-07-24 10:43:09 [main] INFO  o.h.e.t.j.p.i.JtaPlatformInitiator - HHH000489: No JTA platform available (set 'hibernate.transaction.jta.platform' to enable JTA platform integration)
2024-07-24 10:43:09 [main] INFO  o.s.o.j.LocalContainerEntityManagerFactoryBean - Initialized JPA EntityManagerFactory for persistence unit 'default'
2024-07-24 10:43:09 [main] WARN  o.s.b.a.o.j.JpaBaseConfiguration$JpaWebConfiguration - spring.jpa.open-in-view is enabled by default. Therefore, database queries may be performed during view rendering. Explicitly configure spring.jpa.open-in-view to disable this warning
2024-07-24 10:43:10 [main] INFO  o.s.b.a.e.web.EndpointLinksResolver - Exposing 1 endpoint beneath base path '/actuator'
2024-07-24 10:43:11 [main] INFO  o.s.b.a.h.H2ConsoleAutoConfiguration - H2 console available at '/h2-console'. Database available at 'jdbc:h2:mem:testdb'
2024-07-24 10:43:11 [main] INFO  p.g.c.Chap6ProfileConfigApplicationTests - Started Chap6ProfileConfigApplicationTests in 6.74 seconds (process running for 7.91)
2024-07-24 10:43:12 [SpringApplicationShutdownHook] INFO  o.s.o.j.LocalContainerEntityManagerFactoryBean - Closing JPA EntityManagerFactory for persistence unit 'default'
2024-07-24 10:43:12 [SpringApplicationShutdownHook] INFO  com.zaxxer.hikari.HikariDataSource - tacoclouddev - Shutdown initiated...
2024-07-24 10:43:12 [SpringApplicationShutdownHook] INFO  com.zaxxer.hikari.HikariDataSource - tacoclouddev - Shutdown completed.
2024-07-24 12:31:34 [background-preinit] INFO  o.h.validator.internal.util.Version - HV000001: Hibernate Validator 8.0.1.Final
2024-07-24 12:31:34 [main] INFO  p.g.c.config.OrderPropsTest - Starting OrderPropsTest using Java 17.0.12 with PID 2884 (started by Galina in C:\Users\soglg\IdeaProjects\spring-in-action-demo\chap6-profile-config)
2024-07-24 12:31:34 [main] INFO  p.g.c.config.OrderPropsTest - The following 1 profile is active: "dev"
2024-07-24 12:31:35 [main] INFO  o.s.d.r.c.RepositoryConfigurationDelegate - Bootstrapping Spring Data JPA repositories in DEFAULT mode.
2024-07-24 12:31:35 [main] INFO  o.s.d.r.c.RepositoryConfigurationDelegate - Finished Spring Data repository scanning in 57 ms. Found 3 JPA repository interfaces.
2024-07-24 12:31:36 [main] INFO  o.h.jpa.internal.util.LogHelper - HHH000204: Processing PersistenceUnitInfo [name: default]
2024-07-24 12:31:36 [main] INFO  org.hibernate.Version - HHH000412: Hibernate ORM core version 6.5.2.Final
2024-07-24 12:31:36 [main] INFO  o.h.c.i.RegionFactoryInitiator - HHH000026: Second-level cache disabled
2024-07-24 12:31:37 [main] INFO  o.s.o.j.p.SpringPersistenceUnitInfo - No LoadTimeWeaver setup: ignoring JPA class transformer
2024-07-24 12:31:37 [main] INFO  com.zaxxer.hikari.HikariDataSource - tacoclouddev - Starting...
2024-07-24 12:31:37 [main] INFO  com.zaxxer.hikari.pool.HikariPool - tacoclouddev - Added connection conn0: url=jdbc:h2:mem:testdb user=SA
2024-07-24 12:31:37 [main] INFO  com.zaxxer.hikari.HikariDataSource - tacoclouddev - Start completed.
2024-07-24 12:31:38 [main] INFO  o.h.e.t.j.p.i.JtaPlatformInitiator - HHH000489: No JTA platform available (set 'hibernate.transaction.jta.platform' to enable JTA platform integration)
2024-07-24 12:31:38 [main] INFO  o.s.o.j.LocalContainerEntityManagerFactoryBean - Initialized JPA EntityManagerFactory for persistence unit 'default'
2024-07-24 12:31:39 [main] WARN  o.s.b.a.o.j.JpaBaseConfiguration$JpaWebConfiguration - spring.jpa.open-in-view is enabled by default. Therefore, database queries may be performed during view rendering. Explicitly configure spring.jpa.open-in-view to disable this warning
2024-07-24 12:31:39 [main] INFO  o.s.b.a.e.web.EndpointLinksResolver - Exposing 1 endpoint beneath base path '/actuator'
2024-07-24 12:31:40 [main] INFO  o.s.b.a.h.H2ConsoleAutoConfiguration - H2 console available at '/h2-console'. Database available at 'jdbc:h2:mem:testdb'
2024-07-24 12:31:40 [main] INFO  p.g.c.config.OrderPropsTest - Started OrderPropsTest in 6.601 seconds (process running for 7.795)
2024-07-24 12:31:41 [SpringApplicationShutdownHook] INFO  o.s.o.j.LocalContainerEntityManagerFactoryBean - Closing JPA EntityManagerFactory for persistence unit 'default'
2024-07-24 12:31:41 [SpringApplicationShutdownHook] INFO  com.zaxxer.hikari.HikariDataSource - tacoclouddev - Shutdown initiated...
2024-07-24 12:31:41 [SpringApplicationShutdownHook] INFO  com.zaxxer.hikari.HikariDataSource - tacoclouddev - Shutdown completed.
